0 info it worked if it ends with ok
1 verbose cli [ 'C:\\Program Files\\nodejs\\node.exe',
1 verbose cli   'D:\\Users\\SilverAjkula\\AppData\\Roaming\\npm\\node_modules\\npm\\bin\\npm-cli.js',
1 verbose cli   'install',
1 verbose cli   'EntityFramework' ]
2 info using npm@3.10.7
3 info using node@v4.5.0
4 silly loadCurrentTree Starting
5 silly install loadCurrentTree
6 silly install readLocalPackageData
7 silly fetchPackageMetaData EntityFramework
8 silly fetchNamedPackageData EntityFramework
9 silly mapToRegistry name EntityFramework
10 silly mapToRegistry using default registry
11 silly mapToRegistry registry https://registry.npmjs.org/
12 silly mapToRegistry data Result {
12 silly mapToRegistry   raw: 'EntityFramework',
12 silly mapToRegistry   scope: null,
12 silly mapToRegistry   escapedName: 'EntityFramework',
12 silly mapToRegistry   name: 'EntityFramework',
12 silly mapToRegistry   rawSpec: '',
12 silly mapToRegistry   spec: 'latest',
12 silly mapToRegistry   type: 'tag' }
13 silly mapToRegistry uri https://registry.npmjs.org/EntityFramework
14 verbose request uri https://registry.npmjs.org/EntityFramework
15 verbose request no auth needed
16 info attempt registry request try #1 at 21:57:51
17 verbose request id 4c9010c8ea66ae1e
18 http request GET https://registry.npmjs.org/EntityFramework
19 http 404 https://registry.npmjs.org/EntityFramework
20 verbose headers { date: 'Tue, 13 Aug 2019 19:57:50 GMT',
20 verbose headers   'content-type': 'application/json',
20 verbose headers   'content-length': '21',
20 verbose headers   connection: 'keep-alive',
20 verbose headers   'set-cookie': [ '__cfduid=d0310f3d05db4d67107ae7928f250b4701565726269; expires=Wed, 12-Aug-20 19:57:49 GMT; path=/; domain=.npmjs.org; HttpOnly' ],
20 verbose headers   'cf-cache-status': 'MISS',
20 verbose headers   'cache-control': 'max-age=300',
20 verbose headers   'cf-ray': '505d42a33a585970-VIE',
20 verbose headers   'expect-ct': 'max-age=604800, report-uri="https://report-uri.cloudflare.com/cdn-cgi/beacon/expect-ct"',
20 verbose headers   vary: 'accept-encoding, accept',
20 verbose headers   server: 'cloudflare' }
21 silly get cb [ 404,
21 silly get   { date: 'Tue, 13 Aug 2019 19:57:50 GMT',
21 silly get     'content-type': 'application/json',
21 silly get     'content-length': '21',
21 silly get     connection: 'keep-alive',
21 silly get     'set-cookie': [ '__cfduid=d0310f3d05db4d67107ae7928f250b4701565726269; expires=Wed, 12-Aug-20 19:57:49 GMT; path=/; domain=.npmjs.org; HttpOnly' ],
21 silly get     'cf-cache-status': 'MISS',
21 silly get     'cache-control': 'max-age=300',
21 silly get     'cf-ray': '505d42a33a585970-VIE',
21 silly get     'expect-ct': 'max-age=604800, report-uri="https://report-uri.cloudflare.com/cdn-cgi/beacon/expect-ct"',
21 silly get     vary: 'accept-encoding, accept',
21 silly get     server: 'cloudflare' } ]
22 silly fetchPackageMetaData Error: Not found : EntityFramework
22 silly fetchPackageMetaData     at makeError (D:\Users\SilverAjkula\AppData\Roaming\npm\node_modules\npm\node_modules\npm-registry-client\lib\request.js:264:12)
22 silly fetchPackageMetaData     at CachingRegistryClient.<anonymous> (D:\Users\SilverAjkula\AppData\Roaming\npm\node_modules\npm\node_modules\npm-registry-client\lib\request.js:252:14)
22 silly fetchPackageMetaData     at Request._callback (D:\Users\SilverAjkula\AppData\Roaming\npm\node_modules\npm\node_modules\npm-registry-client\lib\request.js:172:14)
22 silly fetchPackageMetaData     at Request.self.callback (D:\Users\SilverAjkula\AppData\Roaming\npm\node_modules\npm\node_modules\request\request.js:187:22)
22 silly fetchPackageMetaData     at emitTwo (events.js:87:13)
22 silly fetchPackageMetaData     at Request.emit (events.js:172:7)
22 silly fetchPackageMetaData     at Request.<anonymous> (D:\Users\SilverAjkula\AppData\Roaming\npm\node_modules\npm\node_modules\request\request.js:1044:10)
22 silly fetchPackageMetaData     at emitOne (events.js:77:13)
22 silly fetchPackageMetaData     at Request.emit (events.js:169:7)
22 silly fetchPackageMetaData     at IncomingMessage.<anonymous> (D:\Users\SilverAjkula\AppData\Roaming\npm\node_modules\npm\node_modules\request\request.js:965:12)
22 silly fetchPackageMetaData  error for EntityFramework { [Error: Not found : EntityFramework] pkgid: 'EntityFramework', statusCode: 404, code: 'E404' }
23 silly rollbackFailedOptional Starting
24 silly rollbackFailedOptional Finishing
25 silly runTopLevelLifecycles Finishing
26 silly install printInstalled
27 verbose stack Error: Not found : EntityFramework
27 verbose stack     at makeError (D:\Users\SilverAjkula\AppData\Roaming\npm\node_modules\npm\node_modules\npm-registry-client\lib\request.js:264:12)
27 verbose stack     at CachingRegistryClient.<anonymous> (D:\Users\SilverAjkula\AppData\Roaming\npm\node_modules\npm\node_modules\npm-registry-client\lib\request.js:252:14)
27 verbose stack     at Request._callback (D:\Users\SilverAjkula\AppData\Roaming\npm\node_modules\npm\node_modules\npm-registry-client\lib\request.js:172:14)
27 verbose stack     at Request.self.callback (D:\Users\SilverAjkula\AppData\Roaming\npm\node_modules\npm\node_modules\request\request.js:187:22)
27 verbose stack     at emitTwo (events.js:87:13)
27 verbose stack     at Request.emit (events.js:172:7)
27 verbose stack     at Request.<anonymous> (D:\Users\SilverAjkula\AppData\Roaming\npm\node_modules\npm\node_modules\request\request.js:1044:10)
27 verbose stack     at emitOne (events.js:77:13)
27 verbose stack     at Request.emit (events.js:169:7)
27 verbose stack     at IncomingMessage.<anonymous> (D:\Users\SilverAjkula\AppData\Roaming\npm\node_modules\npm\node_modules\request\request.js:965:12)
28 verbose statusCode 404
29 verbose pkgid EntityFramework
30 verbose cwd D:\Dropbox\Dropbox\Projekti\EFIntercept
31 error Windows_NT 10.0.17134
32 error argv "C:\\Program Files\\nodejs\\node.exe" "D:\\Users\\SilverAjkula\\AppData\\Roaming\\npm\\node_modules\\npm\\bin\\npm-cli.js" "install" "EntityFramework"
33 error node v4.5.0
34 error npm  v3.10.7
35 error code E404
36 error 404 Not found : EntityFramework
37 error 404
38 error 404 'EntityFramework' is not in the npm registry.
39 error 404 Your package name is not valid, because
40 error 404 1. name can no longer contain capital letters
41 error 404 Note that you can also install from a
42 error 404 tarball, folder, http url, or git url.
43 verbose exit [ 1, true ]
